PrebidMobile-core/build/intermediates/manifest_merge_blame_file/debug/manifest-merger-blame-debug-report.txt
1<?xml version="1.0" encoding="utf-8"?>
2<manifest xmlns:android="http://schemas.android.com/apk/res/android"
3    package="org.prebid.mobile.core" >
4
5    <uses-sdk
6        android:minSdkVersion="16"
6-->src/main/AndroidManifest.xml
7        android:targetSdkVersion="32" />
7-->src/main/AndroidManifest.xml
8
9    <uses-permission android:name="android.permission.INTERNET" />
9-->src/main/AndroidManifest.xml:6:5-67
9-->src/main/AndroidManifest.xml:6:22-64
10    <uses-permission android:name="android.permission.ACCESS_NETWORK_STATE" />
10-->src/main/AndroidManifest.xml:7:5-79
10-->src/main/AndroidManifest.xml:7:22-76
11
12    <!-- Android P changes -->
13    <application>
13-->src/main/AndroidManifest.xml:10:5-21:19
14        <uses-library
14-->src/main/AndroidManifest.xml:11:9-13:40
15            android:name="org.apache.http.legacy"
15-->src/main/AndroidManifest.xml:12:13-50
16            android:required="false" />
16-->src/main/AndroidManifest.xml:13:13-37
17
18        <activity
18-->src/main/AndroidManifest.xml:14:9-20:50
19            android:name="org.prebid.mobile.rendering.views.browser.AdBrowserActivity"
19-->src/main/AndroidManifest.xml:16:17-91
20            android:configChanges="orientation|screenSize|keyboardHidden"
20-->src/main/AndroidManifest.xml:17:17-78
21            android:exported="true"
21-->src/main/AndroidManifest.xml:15:17-40
22            android:launchMode="singleTop"
22-->src/main/AndroidManifest.xml:20:17-47
23            android:theme="@android:style/Theme.Translucent.NoTitleBar"
23-->src/main/AndroidManifest.xml:18:17-76
24            android:windowSoftInputMode="adjustPan|stateHidden" />
24-->src/main/AndroidManifest.xml:19:17-68
25    </application>
26
27</manifest>